
The input DataFrame is being created...
Delete past files in output path

The schema of the uber_data.json file:

root
 |-- VendorID: integer (nullable = true)
 |-- tpep_pickup_datetime: string (nullable = true)
 |-- tpep_dropoff_datetime: string (nullable = true)
 |-- passenger_count: integer (nullable = true)
 |-- trip_distance: double (nullable = true)
 |-- pickup_longitude: double (nullable = true)
 |-- pickup_latitude: double (nullable = true)
 |-- RatecodeID: integer (nullable = true)
 |-- store_and_fwd_flag: string (nullable = true)
 |-- dropoff_longitude: double (nullable = true)
 |-- dropoff_latitude: double (nullable = true)
 |-- payment_type: integer (nullable = true)
 |-- fare_amount: double (nullable = true)
 |-- extra: double (nullable = true)
 |-- mta_tax: double (nullable = true)
 |-- tip_amount: double (nullable = true)
 |-- tolls_amount: double (nullable = true)
 |-- improvement_surcharge: double (nullable = true)
 |-- total_amount: double (nullable = true)

Rename the file created in the output path...

The file uber_data_yyyymmdd.csv has been crated in output path with 99809 records.

The Extract process has finished without errors.
