
The tables are being loading...

The table CAT_TARIFA is being loading...
root
 |-- ID_TARIFA: integer (nullable = true)
 |-- TARIFA: string (nullable = true)

The file cat_final_tarifa_yyyymmdd.csv has been crated in output path path with 6 records.
root
 |-- ID_TARIFA: integer (nullable = true)
 |-- TARIFA: string (nullable = true)

 The table CAT_TIPO_PAGO is being loading...
root
 |-- ID_TIPO_PAGO: integer (nullable = true)
 |-- TIPO_PAGO: string (nullable = true)

The file cat_final_tipo_pago_yyyymmdd.csv has been crated in output path with 6 records.
root
 |-- ID_TIPO_PAGO: integer (nullable = true)
 |-- TIPO_PAGO: string (nullable = true)

The table CAT_PROVEEDOR is being loading...
root
 |-- ID_PROVEEDOR: integer (nullable = true)
 |-- PROVEEDOR: string (nullable = true)

The file cat_final_proveedor_yyyymmdd.csv has been crated in output path with 2 records.
root
 |-- ID_PROVEEDOR: integer (nullable = true)
 |-- PROVEEDOR: string (nullable = true)

The table CAT_LOCACION_DESCENSO is being loading...
root
 |-- LATITUD_DESCENSO: double (nullable = true)
 |-- LONGITUD_DESCENSO: double (nullable = true)

The file cat_final_loc_descenso_yyyymmdd.csv has been crated in output path with 98229 records.
root
 |-- ID_LOCACION_DESCENSO: integer (nullable = true)
 |-- LATITUD_DESCENSO: double (nullable = true)
 |-- LONGITUD_DESCENSO: double (nullable = true)

The table CAT_LOCACION_RECOGIDA is being loading...
root
 |-- LATITUD_RECOGIDA: double (nullable = true)
 |-- LONGITUD_RECOGIDA: double (nullable = true)

The file cat_final_loc_recogida_yyyymmdd.csv has been crated in output path with 97866 records.
root
 |-- ID_LOCACION_RECOGIDA: integer (nullable = true)
 |-- LATITUD_RECOGIDA: double (nullable = true)
 |-- LONGITUD_RECOGIDA: double (nullable = true)

The table DIM_FCH is being loading...
root
 |-- FCH_HRA_RECOGIDA: string (nullable = true)
 |-- FCH_HRA_DESCENSO: string (nullable = true)

The file dim_final_fecha_yyyymmdd.csv has been crated in output path with 99662 records.
root
 |-- ID_FCH: integer (nullable = true)
 |-- FCH_HRA_RECOGIDA: string (nullable = true)
 |-- FCH_RECOGIDA: date (nullable = true)
 |-- ANIO_RECOGIDA: integer (nullable = true)
 |-- MES_RECOGIDA: integer (nullable = true)
 |-- DIA_RECOGIDA: integer (nullable = true)
 |-- DIA_SEMANA_RECOGIDA: integer (nullable = true)
 |-- HRA_HRA_RECOGIDA: string (nullable = true)
 |-- HRA_RECOGIDA: integer (nullable = true)
 |-- MIN_RECOGIDA: integer (nullable = true)
 |-- FCH_HRA_DESCENSO: string (nullable = true)
 |-- FCH_DESCENSO: date (nullable = true)
 |-- ANIO_DESCENSO: integer (nullable = true)
 |-- MES_DESCENSO: integer (nullable = true)
 |-- DIA_DESCENSO: integer (nullable = true)
 |-- DIA_SEMANA_DESCENSO: integer (nullable = true)
 |-- HRA_HRA_DESCENSO: string (nullable = true)
 |-- HRA_DESCENSO: integer (nullable = true)
 |-- MIN_DESCENSO: integer (nullable = true)
 |-- DURACION_VIAJE: string (nullable = true)

The table FACT_PAGO_VIAJE is being loading...
root
 |-- ID_PROVEEDOR: integer (nullable = true)
 |-- FCH_HRA_RECOGIDA: string (nullable = true)
 |-- FCH_HRA_DESCENSO: string (nullable = true)
 |-- ID_TARIFA: integer (nullable = true)
 |-- LATITUD_RECOGIDA: double (nullable = true)
 |-- LONGITUD_RECOGIDA: double (nullable = true)
 |-- LATITUD_DESCENSO: double (nullable = true)
 |-- LONGITUD_DESCENSO: double (nullable = true)
 |-- ID_TIPO_PAGO: integer (nullable = true)
 |-- NUM_PASAJEROS: integer (nullable = true)
 |-- DISTANCIA_VIAJE: double (nullable = true)
 |-- FLG_TIENDA_AVANCE: string (nullable = true)
 |-- MONTO_TARIFA: double (nullable = true)
 |-- EXTRA: double (nullable = true)
 |-- IMP_MTA: double (nullable = true)
 |-- MONTO_PROPINA: double (nullable = true)
 |-- MONTO_PEAJE: double (nullable = true)
 |-- RECARGO_MEJORA: double (nullable = true)
 |-- MONTO_TOTAL: double (nullable = true)

The file fact_image_pago_viaje_yyyymmdd.csv has been crated in output path with 99809 records.
root
 |-- ID_PROVEEDOR: integer (nullable = true)
 |-- ID_FCH: integer (nullable = true)
 |-- ID_TARIFA: integer (nullable = true)
 |-- ID_LOCACION_RECOGIDA: integer (nullable = true)
 |-- ID_LOCACION_DESCENSO: integer (nullable = true)
 |-- ID_TIPO_PAGO: integer (nullable = true)
 |-- NUM_PASAJEROS: integer (nullable = true)
 |-- DISTANCIA_VIAJE: double (nullable = true)
 |-- FLG_TIENDA_AVANCE: string (nullable = true)
 |-- MONTO_TARIFA: double (nullable = true)
 |-- EXTRA: double (nullable = true)
 |-- IMP_MTA: double (nullable = true)
 |-- MONTO_PROPINA: double (nullable = true)
 |-- MONTO_PEAJE: double (nullable = true)
 |-- RECARGO_MEJORA: double (nullable = true)
 |-- MONTO_TOTAL: double (nullable = true)

The file fact_final_pago_viaje_yyyymmdd.csv has been crated in output path with 99809 records.

It is validated that the IDs of the catalogs and the DIM_FCH table don't have null values in the DataFrame of FACT_PAGO_VIAJE...

root
 |-- ID_VIAJE: integer (nullable = true)
 |-- ID_PROVEEDOR: integer (nullable = true)
 |-- ID_FCH: integer (nullable = true)
 |-- ID_TARIFA: integer (nullable = true)
 |-- ID_LOCACION_RECOGIDA: integer (nullable = true)
 |-- ID_LOCACION_DESCENSO: integer (nullable = true)
 |-- ID_TIPO_PAGO: integer (nullable = true)
 |-- NUM_PASAJEROS: integer (nullable = true)
 |-- DISTANCIA_VIAJE: double (nullable = true)
 |-- FLG_TIENDA_AVANCE: string (nullable = true)
 |-- MONTO_TARIFA: double (nullable = true)
 |-- EXTRA: double (nullable = true)
 |-- IMP_MTA: double (nullable = true)
 |-- MONTO_PROPINA: double (nullable = true)
 |-- MONTO_PEAJE: double (nullable = true)
 |-- RECARGO_MEJORA: double (nullable = true)
 |-- MONTO_TOTAL: double (nullable = true)


Finally the paths are prepared for a new ETL process...

The Load process has finished without errors.
