09/11/2023 01:31:53 PM:DEBUG:This message should appear on the console
09/11/2023 01:31:53 PM:INFO:So should this
09/11/2023 01:31:53 PM:WARNING:And this, too
09/11/2023 01:31:53 PM:ERROR:It is a important message
09/11/2023 01:31:53 PM:DEBUG:Command to send: A
869f29e69cdfb81f0ddfb0992a6fd757a266b8c79516ccbd38546d7530036322

09/11/2023 01:31:53 PM:DEBUG:Answer received: !yv
09/11/2023 01:31:53 PM:DEBUG:Command to send: j
i
rj
org.apache.spark.SparkConf
e

09/11/2023 01:31:53 PM:DEBUG:Answer received: !yv
09/11/2023 01:31:53 PM:DEBUG:Command to send: j
i
rj
org.apache.spark.api.java.*
e

09/11/2023 01:31:53 PM:DEBUG:Answer received: !yv
09/11/2023 01:31:53 PM:DEBUG:Command to send: j
i
rj
org.apache.spark.api.python.*
e

09/11/2023 01:31:53 PM:DEBUG:Answer received: !yv
09/11/2023 01:31:53 PM:DEBUG:Command to send: j
i
rj
org.apache.spark.ml.python.*
e

09/11/2023 01:31:53 PM:DEBUG:Answer received: !yv
09/11/2023 01:31:53 PM:DEBUG:Command to send: j
i
rj
org.apache.spark.mllib.api.python.*
e

09/11/2023 01:31:53 PM:DEBUG:Answer received: !yv
09/11/2023 01:31:53 PM:DEBUG:Command to send: j
i
rj
org.apache.spark.sql.*
e

09/11/2023 01:31:53 PM:DEBUG:Answer received: !yv
09/11/2023 01:31:53 PM:DEBUG:Command to send: j
i
rj
org.apache.spark.sql.api.python.*
e

09/11/2023 01:31:53 PM:DEBUG:Answer received: !yv
09/11/2023 01:31:53 PM:DEBUG:Command to send: j
i
rj
org.apache.spark.sql.hive.*
e

09/11/2023 01:31:53 PM:DEBUG:Answer received: !yv
09/11/2023 01:31:53 PM:DEBUG:Command to send: j
i
rj
scala.Tuple2
e

09/11/2023 01:31:53 PM:DEBUG:Answer received: !yv
09/11/2023 01:31:53 PM:DEBUG:Command to send: r
u
SparkConf
rj
e

09/11/2023 01:31:53 PM:DEBUG:Answer received: !ycorg.apache.spark.SparkConf
09/11/2023 01:31:53 PM:DEBUG:Command to send: i
org.apache.spark.SparkConf
bTrue
e

09/11/2023 01:31:53 PM:DEBUG:Answer received: !yro0
09/11/2023 01:31:53 PM:DEBUG:Command to send: c
o0
set
sspark.master
slocal
e

09/11/2023 01:31:53 PM:DEBUG:Answer received: !yro1
09/11/2023 01:31:53 PM:DEBUG:Command to send: m
d
o1
e

09/11/2023 01:31:53 PM:DEBUG:Answer received: !yv
09/11/2023 01:31:53 PM:DEBUG:Command to send: c
o0
set
sspark.app.name
sLoad Tables In SQL
e

09/11/2023 01:31:53 PM:DEBUG:Answer received: !yro2
09/11/2023 01:31:53 PM:DEBUG:Command to send: m
d
o2
e

09/11/2023 01:31:53 PM:DEBUG:Answer received: !yv
09/11/2023 01:31:53 PM:DEBUG:Command to send: c
o0
contains
sspark.serializer.objectStreamReset
e

09/11/2023 01:31:53 PM:DEBUG:Answer received: !ybfalse
09/11/2023 01:31:53 PM:DEBUG:Command to send: c
o0
set
sspark.serializer.objectStreamReset
s100
e

09/11/2023 01:31:53 PM:DEBUG:Answer received: !yro3
09/11/2023 01:31:53 PM:DEBUG:Command to send: m
d
o3
e

09/11/2023 01:31:53 PM:DEBUG:Answer received: !yv
09/11/2023 01:31:53 PM:DEBUG:Command to send: c
o0
contains
sspark.rdd.compress
e

09/11/2023 01:31:53 PM:DEBUG:Answer received: !ybfalse
09/11/2023 01:31:53 PM:DEBUG:Command to send: c
o0
set
sspark.rdd.compress
sTrue
e

09/11/2023 01:31:53 PM:DEBUG:Answer received: !yro4
09/11/2023 01:31:53 PM:DEBUG:Command to send: m
d
o4
e

09/11/2023 01:31:53 PM:DEBUG:Answer received: !yv
09/11/2023 01:31:53 PM:DEBUG:Command to send: c
o0
contains
sspark.master
e

09/11/2023 01:31:53 PM:DEBUG:Answer received: !ybtrue
09/11/2023 01:31:53 PM:DEBUG:Command to send: c
o0
contains
sspark.app.name
e

09/11/2023 01:31:53 PM:DEBUG:Answer received: !ybtrue
09/11/2023 01:31:53 PM:DEBUG:Command to send: c
o0
contains
sspark.master
e

09/11/2023 01:31:53 PM:DEBUG:Answer received: !ybtrue
09/11/2023 01:31:53 PM:DEBUG:Command to send: c
o0
get
sspark.master
e

09/11/2023 01:31:53 PM:DEBUG:Answer received: !yslocal
09/11/2023 01:31:53 PM:DEBUG:Command to send: c
o0
contains
sspark.app.name
e

09/11/2023 01:31:53 PM:DEBUG:Answer received: !ybtrue
09/11/2023 01:31:53 PM:DEBUG:Command to send: c
o0
get
sspark.app.name
e

09/11/2023 01:31:53 PM:DEBUG:Answer received: !ysLoad Tables In SQL
09/11/2023 01:31:53 PM:DEBUG:Command to send: c
o0
contains
sspark.home
e

09/11/2023 01:31:53 PM:DEBUG:Answer received: !ybfalse
09/11/2023 01:31:53 PM:DEBUG:Command to send: c
o0
getAll
e

09/11/2023 01:31:53 PM:DEBUG:Answer received: !yto5
09/11/2023 01:31:53 PM:DEBUG:Command to send: a
e
o5
e

09/11/2023 01:31:53 PM:DEBUG:Answer received: !yi5
09/11/2023 01:31:53 PM:DEBUG:Command to send: a
g
o5
i0
e

09/11/2023 01:31:53 PM:DEBUG:Answer received: !yro6
09/11/2023 01:31:53 PM:DEBUG:Command to send: c
o6
_1
e

09/11/2023 01:31:53 PM:DEBUG:Answer received: !ysspark.master
09/11/2023 01:31:53 PM:DEBUG:Command to send: c
o6
_2
e

09/11/2023 01:31:53 PM:DEBUG:Answer received: !yslocal
09/11/2023 01:31:53 PM:DEBUG:Command to send: a
e
o5
e

09/11/2023 01:31:53 PM:DEBUG:Answer received: !yi5
09/11/2023 01:31:53 PM:DEBUG:Command to send: a
g
o5
i1
e

09/11/2023 01:31:53 PM:DEBUG:Answer received: !yro7
09/11/2023 01:31:53 PM:DEBUG:Command to send: c
o7
_1
e

09/11/2023 01:31:53 PM:DEBUG:Answer received: !ysspark.rdd.compress
09/11/2023 01:31:53 PM:DEBUG:Command to send: c
o7
_2
e

09/11/2023 01:31:53 PM:DEBUG:Answer received: !ysTrue
09/11/2023 01:31:53 PM:DEBUG:Command to send: a
e
o5
e

09/11/2023 01:31:53 PM:DEBUG:Answer received: !yi5
09/11/2023 01:31:53 PM:DEBUG:Command to send: a
g
o5
i2
e

09/11/2023 01:31:53 PM:DEBUG:Answer received: !yro8
09/11/2023 01:31:53 PM:DEBUG:Command to send: c
o8
_1
e

09/11/2023 01:31:53 PM:DEBUG:Answer received: !ysspark.serializer.objectStreamReset
09/11/2023 01:31:53 PM:DEBUG:Command to send: c
o8
_2
e

09/11/2023 01:31:53 PM:DEBUG:Answer received: !ys100
09/11/2023 01:31:53 PM:DEBUG:Command to send: a
e
o5
e

09/11/2023 01:31:53 PM:DEBUG:Answer received: !yi5
09/11/2023 01:31:53 PM:DEBUG:Command to send: a
g
o5
i3
e

09/11/2023 01:31:53 PM:DEBUG:Answer received: !yro9
09/11/2023 01:31:53 PM:DEBUG:Command to send: c
o9
_1
e

09/11/2023 01:31:53 PM:DEBUG:Answer received: !ysspark.app.name
09/11/2023 01:31:53 PM:DEBUG:Command to send: c
o9
_2
e

09/11/2023 01:31:53 PM:DEBUG:Answer received: !ysLoad Tables In SQL
09/11/2023 01:31:53 PM:DEBUG:Command to send: a
e
o5
e

09/11/2023 01:31:53 PM:DEBUG:Answer received: !yi5
09/11/2023 01:31:53 PM:DEBUG:Command to send: a
g
o5
i4
e

09/11/2023 01:31:53 PM:DEBUG:Answer received: !yro10
09/11/2023 01:31:53 PM:DEBUG:Command to send: c
o10
_1
e

09/11/2023 01:31:53 PM:DEBUG:Answer received: !ysspark.submit.deployMode
09/11/2023 01:31:53 PM:DEBUG:Command to send: c
o10
_2
e

09/11/2023 01:31:53 PM:DEBUG:Answer received: !ysclient
09/11/2023 01:31:53 PM:DEBUG:Command to send: a
e
o5
e

09/11/2023 01:31:53 PM:DEBUG:Answer received: !yi5
09/11/2023 01:31:53 PM:DEBUG:Command to send: m
d
o5
e

09/11/2023 01:31:53 PM:DEBUG:Answer received: !yv
09/11/2023 01:31:53 PM:DEBUG:Command to send: r
u
JavaSparkContext
rj
e

09/11/2023 01:31:53 PM:DEBUG:Answer received: !ycorg.apache.spark.api.java.JavaSparkContext
09/11/2023 01:31:53 PM:DEBUG:Command to send: i
org.apache.spark.api.java.JavaSparkContext
ro0
e

09/11/2023 01:31:55 PM:DEBUG:Answer received: !yro11
09/11/2023 01:31:55 PM:DEBUG:Command to send: c
o11
sc
e

09/11/2023 01:31:55 PM:DEBUG:Answer received: !yro12
09/11/2023 01:31:55 PM:DEBUG:Command to send: c
o12
conf
e

09/11/2023 01:31:55 PM:DEBUG:Answer received: !yro13
09/11/2023 01:31:55 PM:DEBUG:Command to send: r
u
PythonAccumulatorV2
rj
e

09/11/2023 01:31:55 PM:DEBUG:Answer received: !ycorg.apache.spark.api.python.PythonAccumulatorV2
09/11/2023 01:31:55 PM:DEBUG:Command to send: i
org.apache.spark.api.python.PythonAccumulatorV2
s127.0.0.1
i65150
s869f29e69cdfb81f0ddfb0992a6fd757a266b8c79516ccbd38546d7530036322
e

09/11/2023 01:31:55 PM:DEBUG:Answer received: !yro14
09/11/2023 01:31:55 PM:DEBUG:Command to send: c
o11
sc
e

09/11/2023 01:31:55 PM:DEBUG:Answer received: !yro15
09/11/2023 01:31:55 PM:DEBUG:Command to send: c
o15
register
ro14
e

09/11/2023 01:31:55 PM:DEBUG:Answer received: !yv
09/11/2023 01:31:55 PM:DEBUG:Command to send: r
u
PythonUtils
rj
e

09/11/2023 01:31:55 PM:DEBUG:Answer received: !ycorg.apache.spark.api.python.PythonUtils
09/11/2023 01:31:55 PM:DEBUG:Command to send: r
m
org.apache.spark.api.python.PythonUtils
getEncryptionEnabled
e

09/11/2023 01:31:55 PM:DEBUG:Answer received: !ym
09/11/2023 01:31:55 PM:DEBUG:Command to send: c
z:org.apache.spark.api.python.PythonUtils
getEncryptionEnabled
ro11
e

09/11/2023 01:31:55 PM:DEBUG:Answer received: !ybfalse
09/11/2023 01:31:55 PM:DEBUG:Command to send: r
u
org
rj
e

09/11/2023 01:31:55 PM:DEBUG:Answer received: !yp
09/11/2023 01:31:55 PM:DEBUG:Command to send: r
u
org.apache
rj
e

09/11/2023 01:31:55 PM:DEBUG:Answer received: !yp
09/11/2023 01:31:55 PM:DEBUG:Command to send: r
u
org.apache.spark
rj
e

09/11/2023 01:31:55 PM:DEBUG:Answer received: !yp
09/11/2023 01:31:55 PM:DEBUG:Command to send: r
u
org.apache.spark.SparkFiles
rj
e

09/11/2023 01:31:55 PM:DEBUG:Answer received: !ycorg.apache.spark.SparkFiles
09/11/2023 01:31:55 PM:DEBUG:Command to send: r
m
org.apache.spark.SparkFiles
getRootDirectory
e

09/11/2023 01:31:55 PM:DEBUG:Answer received: !ym
09/11/2023 01:31:55 PM:DEBUG:Command to send: c
z:org.apache.spark.SparkFiles
getRootDirectory
e

09/11/2023 01:31:55 PM:DEBUG:Answer received: !ysC:\\Users\\armando\\AppData\\Local\\Temp\\spark-bc84df42-4331-453c-b87e-9742850e67fc\\userFiles-2a24d6f5-8d4e-4fb0-aa8d-b99f2b13525a
09/11/2023 01:31:55 PM:DEBUG:Command to send: c
o13
get
sspark.submit.pyFiles
s
e

09/11/2023 01:31:55 PM:DEBUG:Answer received: !ys
09/11/2023 01:31:55 PM:DEBUG:Command to send: r
u
org
rj
e

09/11/2023 01:31:55 PM:DEBUG:Answer received: !yp
09/11/2023 01:31:55 PM:DEBUG:Command to send: r
u
org.apache
rj
e

09/11/2023 01:31:55 PM:DEBUG:Answer received: !yp
09/11/2023 01:31:55 PM:DEBUG:Command to send: r
u
org.apache.spark
rj
e

09/11/2023 01:31:55 PM:DEBUG:Answer received: !yp
09/11/2023 01:31:55 PM:DEBUG:Command to send: r
u
org.apache.spark.util
rj
e

09/11/2023 01:31:55 PM:DEBUG:Answer received: !yp
09/11/2023 01:31:55 PM:DEBUG:Command to send: r
u
org.apache.spark.util.Utils
rj
e

09/11/2023 01:31:55 PM:DEBUG:Answer received: !ycorg.apache.spark.util.Utils
09/11/2023 01:31:55 PM:DEBUG:Command to send: r
m
org.apache.spark.util.Utils
getLocalDir
e

09/11/2023 01:31:55 PM:DEBUG:Answer received: !ym
09/11/2023 01:31:55 PM:DEBUG:Command to send: c
o11
sc
e

09/11/2023 01:31:55 PM:DEBUG:Answer received: !yro16
09/11/2023 01:31:55 PM:DEBUG:Command to send: c
o16
conf
e

09/11/2023 01:31:55 PM:DEBUG:Answer received: !yro17
09/11/2023 01:31:55 PM:DEBUG:Command to send: c
z:org.apache.spark.util.Utils
getLocalDir
ro17
e

09/11/2023 01:31:55 PM:DEBUG:Answer received: !ysC:\\Users\\armando\\AppData\\Local\\Temp\\spark-bc84df42-4331-453c-b87e-9742850e67fc
09/11/2023 01:31:55 PM:DEBUG:Command to send: r
u
org
rj
e

09/11/2023 01:31:55 PM:DEBUG:Answer received: !yp
09/11/2023 01:31:55 PM:DEBUG:Command to send: r
u
org.apache
rj
e

09/11/2023 01:31:55 PM:DEBUG:Answer received: !yp
09/11/2023 01:31:55 PM:DEBUG:Command to send: r
u
org.apache.spark
rj
e

09/11/2023 01:31:55 PM:DEBUG:Answer received: !yp
09/11/2023 01:31:55 PM:DEBUG:Command to send: r
u
org.apache.spark.util
rj
e

09/11/2023 01:31:55 PM:DEBUG:Answer received: !yp
09/11/2023 01:31:55 PM:DEBUG:Command to send: r
u
org.apache.spark.util.Utils
rj
e

09/11/2023 01:31:55 PM:DEBUG:Answer received: !ycorg.apache.spark.util.Utils
09/11/2023 01:31:55 PM:DEBUG:Command to send: r
m
org.apache.spark.util.Utils
createTempDir
e

09/11/2023 01:31:55 PM:DEBUG:Answer received: !ym
09/11/2023 01:31:55 PM:DEBUG:Command to send: c
z:org.apache.spark.util.Utils
createTempDir
sC:\\Users\\armando\\AppData\\Local\\Temp\\spark-bc84df42-4331-453c-b87e-9742850e67fc
spyspark
e

09/11/2023 01:31:55 PM:DEBUG:Answer received: !yro18
09/11/2023 01:31:55 PM:DEBUG:Command to send: c
o18
getAbsolutePath
e

09/11/2023 01:31:55 PM:DEBUG:Answer received: !ysC:\\Users\\armando\\AppData\\Local\\Temp\\spark-bc84df42-4331-453c-b87e-9742850e67fc\\pyspark-b78533f0-9c8d-497f-8a06-798b7b4f2b58
09/11/2023 01:31:55 PM:DEBUG:Command to send: c
o13
get
sspark.python.profile
sfalse
e

09/11/2023 01:31:55 PM:DEBUG:Answer received: !ysfalse
09/11/2023 01:31:55 PM:DEBUG:Command to send: c
o13
set
sspark.master
slocal
e

09/11/2023 01:31:55 PM:DEBUG:Answer received: !yro19
09/11/2023 01:31:55 PM:DEBUG:Command to send: m
d
o19
e

09/11/2023 01:31:55 PM:DEBUG:Answer received: !yv
09/11/2023 01:31:55 PM:DEBUG:Command to send: c
o13
set
sspark.app.name
sLoad Tables In SQL
e

09/11/2023 01:31:55 PM:DEBUG:Answer received: !yro20
09/11/2023 01:31:55 PM:DEBUG:Command to send: m
d
o20
e

09/11/2023 01:31:55 PM:DEBUG:Answer received: !yv
09/11/2023 01:31:55 PM:DEBUG:Command to send: r
u
SparkSession
rj
e

09/11/2023 01:31:55 PM:DEBUG:Answer received: !ycorg.apache.spark.sql.SparkSession
09/11/2023 01:31:55 PM:DEBUG:Command to send: r
m
org.apache.spark.sql.SparkSession
getDefaultSession
e

09/11/2023 01:31:56 PM:DEBUG:Answer received: !ym
09/11/2023 01:31:56 PM:DEBUG:Command to send: c
z:org.apache.spark.sql.SparkSession
getDefaultSession
e

09/11/2023 01:31:56 PM:DEBUG:Answer received: !yro21
09/11/2023 01:31:56 PM:DEBUG:Command to send: c
o21
isDefined
e

09/11/2023 01:31:56 PM:DEBUG:Answer received: !ybfalse
09/11/2023 01:31:56 PM:DEBUG:Command to send: r
u
SparkSession
rj
e

09/11/2023 01:31:56 PM:DEBUG:Answer received: !ycorg.apache.spark.sql.SparkSession
09/11/2023 01:31:56 PM:DEBUG:Command to send: c
o11
sc
e

09/11/2023 01:31:56 PM:DEBUG:Answer received: !yro22
09/11/2023 01:31:56 PM:DEBUG:Command to send: i
org.apache.spark.sql.SparkSession
ro22
e

09/11/2023 01:31:56 PM:DEBUG:Answer received: !yro23
09/11/2023 01:31:56 PM:DEBUG:Command to send: c
o23
sqlContext
e

09/11/2023 01:31:56 PM:DEBUG:Answer received: !yro24
09/11/2023 01:31:56 PM:DEBUG:Command to send: r
u
SparkSession
rj
e

09/11/2023 01:31:56 PM:DEBUG:Answer received: !ycorg.apache.spark.sql.SparkSession
09/11/2023 01:31:56 PM:DEBUG:Command to send: r
m
org.apache.spark.sql.SparkSession
setDefaultSession
e

09/11/2023 01:31:56 PM:DEBUG:Answer received: !ym
09/11/2023 01:31:56 PM:DEBUG:Command to send: c
z:org.apache.spark.sql.SparkSession
setDefaultSession
ro23
e

09/11/2023 01:31:56 PM:DEBUG:Answer received: !yv
09/11/2023 01:31:56 PM:DEBUG:Command to send: c
o23
sessionState
e

09/11/2023 01:31:56 PM:DEBUG:Answer received: !yro25
09/11/2023 01:31:56 PM:DEBUG:Command to send: c
o25
conf
e

09/11/2023 01:31:56 PM:DEBUG:Answer received: !yro26
09/11/2023 01:31:56 PM:DEBUG:Command to send: c
o26
setConfString
sspark.master
slocal
e

09/11/2023 01:31:56 PM:DEBUG:Answer received: !yv
09/11/2023 01:31:56 PM:DEBUG:Command to send: c
o23
sessionState
e

09/11/2023 01:31:56 PM:DEBUG:Answer received: !yro27
09/11/2023 01:31:56 PM:DEBUG:Command to send: c
o27
conf
e

09/11/2023 01:31:56 PM:DEBUG:Answer received: !yro28
09/11/2023 01:31:56 PM:DEBUG:Command to send: c
o28
setConfString
sspark.app.name
sLoad Tables In SQL
e

09/11/2023 01:31:56 PM:DEBUG:Answer received: !yv
09/11/2023 01:31:56 PM:DEBUG:Command to send: c
o13
set
sspark.master
slocal
e

09/11/2023 01:31:56 PM:DEBUG:Answer received: !yro29
09/11/2023 01:31:56 PM:DEBUG:Command to send: m
d
o29
e

09/11/2023 01:31:56 PM:DEBUG:Answer received: !yv
09/11/2023 01:31:56 PM:DEBUG:Command to send: c
o13
set
sspark.app.name
sLoad Tables In SQL
e

09/11/2023 01:31:56 PM:DEBUG:Answer received: !yro30
09/11/2023 01:31:56 PM:DEBUG:Command to send: m
d
o30
e

09/11/2023 01:31:56 PM:DEBUG:Answer received: !yv
09/11/2023 01:31:56 PM:DEBUG:Command to send: c
o23
sessionState
e

09/11/2023 01:31:56 PM:DEBUG:Answer received: !yro31
09/11/2023 01:31:56 PM:DEBUG:Command to send: c
o31
conf
e

09/11/2023 01:31:56 PM:DEBUG:Answer received: !yro32
09/11/2023 01:31:56 PM:DEBUG:Command to send: c
o32
setConfString
sspark.master
slocal
e

09/11/2023 01:31:56 PM:DEBUG:Answer received: !yv
09/11/2023 01:31:56 PM:DEBUG:Command to send: c
o23
sessionState
e

09/11/2023 01:31:56 PM:DEBUG:Answer received: !yro33
09/11/2023 01:31:56 PM:DEBUG:Command to send: c
o33
conf
e

09/11/2023 01:31:56 PM:DEBUG:Answer received: !yro34
09/11/2023 01:31:56 PM:DEBUG:Command to send: c
o34
setConfString
sspark.app.name
sLoad Table
e

09/11/2023 01:31:56 PM:DEBUG:Answer received: !yv
09/11/2023 01:31:56 PM:DEBUG:Command to send: c
o13
set
sspark.master
slocal
e

09/11/2023 01:31:56 PM:DEBUG:Answer received: !yro35
09/11/2023 01:31:56 PM:DEBUG:Command to send: m
d
o35
e

09/11/2023 01:31:56 PM:DEBUG:Answer received: !yv
09/11/2023 01:31:56 PM:DEBUG:Command to send: c
o13
set
sspark.app.name
sLoad Table
e

09/11/2023 01:31:56 PM:DEBUG:Answer received: !yro36
09/11/2023 01:31:56 PM:DEBUG:Command to send: m
d
o36
e

09/11/2023 01:31:56 PM:DEBUG:Answer received: !yv
09/11/2023 01:31:56 PM:DEBUG:Command to send: c
o24
read
e

09/11/2023 01:31:56 PM:DEBUG:Answer received: !yro37
09/11/2023 01:31:56 PM:DEBUG:Command to send: c
o37
format
scsv
e

09/11/2023 01:31:56 PM:DEBUG:Answer received: !yro38
09/11/2023 01:31:56 PM:DEBUG:Command to send: c
o23
sessionState
e

09/11/2023 01:31:56 PM:DEBUG:Answer received: !yro39
09/11/2023 01:31:56 PM:DEBUG:Command to send: c
o39
conf
e

09/11/2023 01:31:56 PM:DEBUG:Answer received: !yro40
09/11/2023 01:31:56 PM:DEBUG:Command to send: c
o40
setConfString
sspark.master
slocal
e

09/11/2023 01:31:56 PM:DEBUG:Answer received: !yv
09/11/2023 01:31:56 PM:DEBUG:Command to send: c
o23
sessionState
e

09/11/2023 01:31:56 PM:DEBUG:Answer received: !yro41
09/11/2023 01:31:56 PM:DEBUG:Command to send: c
o41
conf
e

09/11/2023 01:31:56 PM:DEBUG:Answer received: !yro42
09/11/2023 01:31:56 PM:DEBUG:Command to send: c
o42
setConfString
sspark.app.name
sLoad Table
e

09/11/2023 01:31:56 PM:DEBUG:Answer received: !yv
09/11/2023 01:31:56 PM:DEBUG:Command to send: c
o13
set
sspark.master
slocal
e

09/11/2023 01:31:56 PM:DEBUG:Answer received: !yro43
09/11/2023 01:31:56 PM:DEBUG:Command to send: m
d
o43
e

09/11/2023 01:31:56 PM:DEBUG:Answer received: !yv
09/11/2023 01:31:56 PM:DEBUG:Command to send: c
o13
set
sspark.app.name
sLoad Table
e

09/11/2023 01:31:56 PM:DEBUG:Answer received: !yro44
09/11/2023 01:31:56 PM:DEBUG:Command to send: m
d
o44
e

09/11/2023 01:31:56 PM:DEBUG:Answer received: !yv
09/11/2023 01:31:56 PM:DEBUG:Command to send: c
o23
parseDataType
s{"fields":[{"metadata":{},"name":"ID_TARIFA","nullable":true,"type":"integer"},{"metadata":{},"name":"TARIFA","nullable":true,"type":"string"}],"type":"struct"}
e

09/11/2023 01:31:56 PM:DEBUG:Answer received: !yro45
09/11/2023 01:31:56 PM:DEBUG:Command to send: c
o38
schema
ro45
e

09/11/2023 01:31:56 PM:DEBUG:Answer received: !yro46
09/11/2023 01:31:56 PM:DEBUG:Command to send: c
o46
load
s../output/cat_tarifa_20230911.csv
e

09/11/2023 01:31:59 PM:DEBUG:Answer received: !yro47
09/11/2023 01:31:59 PM:DEBUG:Command to send: c
o47
schema
e

09/11/2023 01:31:59 PM:DEBUG:Answer received: !yro48
09/11/2023 01:31:59 PM:DEBUG:Command to send: c
o48
treeString
e

09/11/2023 01:31:59 PM:DEBUG:Answer received: !ysroot\n |-- ID_TARIFA: integer (nullable = true)\n |-- TARIFA: string (nullable = true)\n
09/11/2023 01:32:04 PM:DEBUG:Command to send: c
o47
write
e

09/11/2023 01:32:04 PM:DEBUG:Answer received: !yro49
09/11/2023 01:32:04 PM:DEBUG:Command to send: c
o49
option
struncate
strue
e

09/11/2023 01:32:04 PM:DEBUG:Answer received: !yro50
09/11/2023 01:32:04 PM:DEBUG:Command to send: c
o50
format
scom.microsoft.sqlserver.jdbc.spark
e

09/11/2023 01:32:04 PM:DEBUG:Answer received: !yro51
09/11/2023 01:32:04 PM:DEBUG:Command to send: c
o51
mode
soverwrite
e

09/11/2023 01:32:04 PM:DEBUG:Answer received: !yro52
09/11/2023 01:32:04 PM:DEBUG:Command to send: c
o52
option
surl
sjdbc:sqlserver://localhost;databaseName=UBER_ANALISIS;
e

09/11/2023 01:32:04 PM:DEBUG:Answer received: !yro53
09/11/2023 01:32:04 PM:DEBUG:Command to send: c
o53
option
sdbtable
sUBER_ANALISIS.dbo.IM_CAT_TARIFA
e

09/11/2023 01:32:04 PM:DEBUG:Answer received: !yro54
09/11/2023 01:32:04 PM:DEBUG:Command to send: c
o54
option
suser
ssa
e

09/11/2023 01:32:04 PM:DEBUG:Answer received: !yro55
09/11/2023 01:32:04 PM:DEBUG:Command to send: c
o55
option
spassword
setl091079
e

09/11/2023 01:32:04 PM:DEBUG:Answer received: !yro56
09/11/2023 01:32:04 PM:DEBUG:Command to send: c
o56
save
e

09/11/2023 01:32:23 PM:DEBUG:Answer received: !xro57
09/11/2023 01:32:23 PM:DEBUG:Command to send: c
o57
toString
e

09/11/2023 01:32:23 PM:DEBUG:Answer received: !yscom.microsoft.sqlserver.jdbc.SQLServerException: No se pudo realizar la conexión TCP/IP al host localhost, puerto 1433. Error: "Connection refused: connect. Verifique las propiedades de conexión, compruebe que hay una instancia de SQL Server ejecutándose en el host y aceptando las conexiones TCP/IP en el puerto y compruebe que no hay ningún firewall bloqueando las conexiones TCP en el puerto.".
09/11/2023 01:32:23 PM:DEBUG:Command to send: c
o57
getStackTrace
e

09/11/2023 01:32:23 PM:DEBUG:Answer received: !yto58
09/11/2023 01:32:23 PM:DEBUG:Command to send: a
e
o58
e

09/11/2023 01:32:23 PM:DEBUG:Answer received: !yi43
09/11/2023 01:32:23 PM:DEBUG:Command to send: a
g
o58
i0
e

09/11/2023 01:32:23 PM:DEBUG:Answer received: !yro59
09/11/2023 01:32:23 PM:DEBUG:Command to send: c
o59
toString
e

09/11/2023 01:32:23 PM:DEBUG:Answer received: !yscom.microsoft.sqlserver.jdbc.SQLServerException.makeFromDriverError(SQLServerException.java:228)
09/11/2023 01:32:23 PM:DEBUG:Command to send: a
e
o58
e

09/11/2023 01:32:23 PM:DEBUG:Answer received: !yi43
09/11/2023 01:32:23 PM:DEBUG:Command to send: a
g
o58
i1
e

09/11/2023 01:32:23 PM:DEBUG:Answer received: !yro60
09/11/2023 01:32:23 PM:DEBUG:Command to send: c
o60
toString
e

09/11/2023 01:32:23 PM:DEBUG:Answer received: !yscom.microsoft.sqlserver.jdbc.SQLServerException.ConvertConnectExceptionToSQLServerException(SQLServerException.java:279)
09/11/2023 01:32:23 PM:DEBUG:Command to send: a
e
o58
e

09/11/2023 01:32:23 PM:DEBUG:Answer received: !yi43
09/11/2023 01:32:23 PM:DEBUG:Command to send: a
g
o58
i2
e

09/11/2023 01:32:23 PM:DEBUG:Answer received: !yro61
09/11/2023 01:32:23 PM:DEBUG:Command to send: c
o61
toString
e

09/11/2023 01:32:23 PM:DEBUG:Answer received: !yscom.microsoft.sqlserver.jdbc.SocketFinder.findSocket(IOBuffer.java:2431)
09/11/2023 01:32:23 PM:DEBUG:Command to send: a
e
o58
e

09/11/2023 01:32:23 PM:DEBUG:Answer received: !yi43
09/11/2023 01:32:23 PM:DEBUG:Command to send: a
g
o58
i3
e

09/11/2023 01:32:23 PM:DEBUG:Answer received: !yro62
09/11/2023 01:32:23 PM:DEBUG:Command to send: c
o62
toString
e

09/11/2023 01:32:23 PM:DEBUG:Answer received: !yscom.microsoft.sqlserver.jdbc.TDSChannel.open(IOBuffer.java:656)
09/11/2023 01:32:23 PM:DEBUG:Command to send: a
e
o58
e

09/11/2023 01:32:23 PM:DEBUG:Answer received: !yi43
09/11/2023 01:32:23 PM:DEBUG:Command to send: a
g
o58
i4
e

09/11/2023 01:32:23 PM:DEBUG:Answer received: !yro63
09/11/2023 01:32:23 PM:DEBUG:Command to send: c
o63
toString
e

09/11/2023 01:32:23 PM:DEBUG:Answer received: !yscom.microsoft.sqlserver.jdbc.SQLServerConnection.connectHelper(SQLServerConnection.java:2440)
09/11/2023 01:32:23 PM:DEBUG:Command to send: a
e
o58
e

09/11/2023 01:32:23 PM:DEBUG:Answer received: !yi43
09/11/2023 01:32:23 PM:DEBUG:Command to send: a
g
o58
i5
e

09/11/2023 01:32:23 PM:DEBUG:Answer received: !yro64
09/11/2023 01:32:23 PM:DEBUG:Command to send: c
o64
toString
e

09/11/2023 01:32:23 PM:DEBUG:Answer received: !yscom.microsoft.sqlserver.jdbc.SQLServerConnection.login(SQLServerConnection.java:2103)
09/11/2023 01:32:23 PM:DEBUG:Command to send: a
e
o58
e

09/11/2023 01:32:23 PM:DEBUG:Answer received: !yi43
09/11/2023 01:32:23 PM:DEBUG:Command to send: a
g
o58
i6
e

09/11/2023 01:32:23 PM:DEBUG:Answer received: !yro65
09/11/2023 01:32:23 PM:DEBUG:Command to send: c
o65
toString
e

09/11/2023 01:32:23 PM:DEBUG:Answer received: !yscom.microsoft.sqlserver.jdbc.SQLServerConnection.connectInternal(SQLServerConnection.java:1950)
09/11/2023 01:32:23 PM:DEBUG:Command to send: a
e
o58
e

09/11/2023 01:32:23 PM:DEBUG:Answer received: !yi43
09/11/2023 01:32:23 PM:DEBUG:Command to send: a
g
o58
i7
e

09/11/2023 01:32:23 PM:DEBUG:Answer received: !yro66
09/11/2023 01:32:23 PM:DEBUG:Command to send: c
o66
toString
e

09/11/2023 01:32:23 PM:DEBUG:Answer received: !yscom.microsoft.sqlserver.jdbc.SQLServerConnection.connect(SQLServerConnection.java:1162)
09/11/2023 01:32:23 PM:DEBUG:Command to send: a
e
o58
e

09/11/2023 01:32:23 PM:DEBUG:Answer received: !yi43
09/11/2023 01:32:23 PM:DEBUG:Command to send: a
g
o58
i8
e

09/11/2023 01:32:23 PM:DEBUG:Answer received: !yro67
09/11/2023 01:32:23 PM:DEBUG:Command to send: c
o67
toString
e

09/11/2023 01:32:23 PM:DEBUG:Answer received: !yscom.microsoft.sqlserver.jdbc.SQLServerDriver.connect(SQLServerDriver.java:735)
09/11/2023 01:32:23 PM:DEBUG:Command to send: a
e
o58
e

09/11/2023 01:32:23 PM:DEBUG:Answer received: !yi43
09/11/2023 01:32:23 PM:DEBUG:Command to send: a
g
o58
i9
e

09/11/2023 01:32:23 PM:DEBUG:Answer received: !yro68
09/11/2023 01:32:23 PM:DEBUG:Command to send: c
o68
toString
e

09/11/2023 01:32:23 PM:DEBUG:Answer received: !ysorg.apache.spark.sql.execution.datasources.jdbc.JdbcUtils$$anonfun$createConnectionFactory$1.apply(JdbcUtils.scala:63)
09/11/2023 01:32:23 PM:DEBUG:Command to send: a
e
o58
e

09/11/2023 01:32:23 PM:DEBUG:Answer received: !yi43
09/11/2023 01:32:23 PM:DEBUG:Command to send: a
g
o58
i10
e

09/11/2023 01:32:23 PM:DEBUG:Answer received: !yro69
