09/04/2023 06:44:45 PM:DEBUG:This message should appear on the console
09/04/2023 06:44:45 PM:INFO:So should this
09/04/2023 06:44:45 PM:WARNING:And this, too
09/04/2023 06:44:45 PM:ERROR:It is a important message
09/04/2023 06:44:45 PM:DEBUG:Command to send: A
c1385135ad6c4d8eb142e2719f8c40a2e46f2ccdcde1e2e73a9581237883120a

09/04/2023 06:44:45 PM:DEBUG:Answer received: !yv
09/04/2023 06:44:45 PM:DEBUG:Command to send: j
i
rj
org.apache.spark.SparkConf
e

09/04/2023 06:44:45 PM:DEBUG:Answer received: !yv
09/04/2023 06:44:45 PM:DEBUG:Command to send: j
i
rj
org.apache.spark.api.java.*
e

09/04/2023 06:44:45 PM:DEBUG:Answer received: !yv
09/04/2023 06:44:45 PM:DEBUG:Command to send: j
i
rj
org.apache.spark.api.python.*
e

09/04/2023 06:44:45 PM:DEBUG:Answer received: !yv
09/04/2023 06:44:45 PM:DEBUG:Command to send: j
i
rj
org.apache.spark.ml.python.*
e

09/04/2023 06:44:45 PM:DEBUG:Answer received: !yv
09/04/2023 06:44:45 PM:DEBUG:Command to send: j
i
rj
org.apache.spark.mllib.api.python.*
e

09/04/2023 06:44:45 PM:DEBUG:Answer received: !yv
09/04/2023 06:44:45 PM:DEBUG:Command to send: j
i
rj
org.apache.spark.sql.*
e

09/04/2023 06:44:45 PM:DEBUG:Answer received: !yv
09/04/2023 06:44:45 PM:DEBUG:Command to send: j
i
rj
org.apache.spark.sql.api.python.*
e

09/04/2023 06:44:45 PM:DEBUG:Answer received: !yv
09/04/2023 06:44:45 PM:DEBUG:Command to send: j
i
rj
org.apache.spark.sql.hive.*
e

09/04/2023 06:44:45 PM:DEBUG:Answer received: !yv
09/04/2023 06:44:45 PM:DEBUG:Command to send: j
i
rj
scala.Tuple2
e

09/04/2023 06:44:45 PM:DEBUG:Answer received: !yv
09/04/2023 06:44:45 PM:DEBUG:Command to send: r
u
SparkConf
rj
e

09/04/2023 06:44:45 PM:DEBUG:Answer received: !ycorg.apache.spark.SparkConf
09/04/2023 06:44:45 PM:DEBUG:Command to send: i
org.apache.spark.SparkConf
bTrue
e

09/04/2023 06:44:45 PM:DEBUG:Answer received: !yro0
09/04/2023 06:44:45 PM:DEBUG:Command to send: c
o0
set
sspark.master
slocal
e

09/04/2023 06:44:45 PM:DEBUG:Answer received: !yro1
09/04/2023 06:44:45 PM:DEBUG:Command to send: m
d
o1
e

09/04/2023 06:44:45 PM:DEBUG:Answer received: !yv
09/04/2023 06:44:45 PM:DEBUG:Command to send: c
o0
set
sspark.app.name
sLoad Tables In SQL
e

09/04/2023 06:44:45 PM:DEBUG:Answer received: !yro2
09/04/2023 06:44:45 PM:DEBUG:Command to send: m
d
o2
e

09/04/2023 06:44:45 PM:DEBUG:Answer received: !yv
09/04/2023 06:44:45 PM:DEBUG:Command to send: c
o0
contains
sspark.serializer.objectStreamReset
e

09/04/2023 06:44:45 PM:DEBUG:Answer received: !ybfalse
09/04/2023 06:44:45 PM:DEBUG:Command to send: c
o0
set
sspark.serializer.objectStreamReset
s100
e

09/04/2023 06:44:45 PM:DEBUG:Answer received: !yro3
09/04/2023 06:44:45 PM:DEBUG:Command to send: m
d
o3
e

09/04/2023 06:44:45 PM:DEBUG:Answer received: !yv
09/04/2023 06:44:45 PM:DEBUG:Command to send: c
o0
contains
sspark.rdd.compress
e

09/04/2023 06:44:45 PM:DEBUG:Answer received: !ybfalse
09/04/2023 06:44:45 PM:DEBUG:Command to send: c
o0
set
sspark.rdd.compress
sTrue
e

09/04/2023 06:44:45 PM:DEBUG:Answer received: !yro4
09/04/2023 06:44:45 PM:DEBUG:Command to send: m
d
o4
e

09/04/2023 06:44:45 PM:DEBUG:Answer received: !yv
09/04/2023 06:44:45 PM:DEBUG:Command to send: c
o0
contains
sspark.master
e

09/04/2023 06:44:45 PM:DEBUG:Answer received: !ybtrue
09/04/2023 06:44:45 PM:DEBUG:Command to send: c
o0
contains
sspark.app.name
e

09/04/2023 06:44:45 PM:DEBUG:Answer received: !ybtrue
09/04/2023 06:44:45 PM:DEBUG:Command to send: c
o0
contains
sspark.master
e

09/04/2023 06:44:45 PM:DEBUG:Answer received: !ybtrue
09/04/2023 06:44:45 PM:DEBUG:Command to send: c
o0
get
sspark.master
e

09/04/2023 06:44:45 PM:DEBUG:Answer received: !yslocal
09/04/2023 06:44:45 PM:DEBUG:Command to send: c
o0
contains
sspark.app.name
e

09/04/2023 06:44:45 PM:DEBUG:Answer received: !ybtrue
09/04/2023 06:44:45 PM:DEBUG:Command to send: c
o0
get
sspark.app.name
e

09/04/2023 06:44:45 PM:DEBUG:Answer received: !ysLoad Tables In SQL
09/04/2023 06:44:45 PM:DEBUG:Command to send: c
o0
contains
sspark.home
e

09/04/2023 06:44:45 PM:DEBUG:Answer received: !ybfalse
09/04/2023 06:44:45 PM:DEBUG:Command to send: c
o0
getAll
e

09/04/2023 06:44:45 PM:DEBUG:Answer received: !yto5
09/04/2023 06:44:45 PM:DEBUG:Command to send: a
e
o5
e

09/04/2023 06:44:45 PM:DEBUG:Answer received: !yi5
09/04/2023 06:44:45 PM:DEBUG:Command to send: a
g
o5
i0
e

09/04/2023 06:44:45 PM:DEBUG:Answer received: !yro6
09/04/2023 06:44:45 PM:DEBUG:Command to send: c
o6
_1
e

09/04/2023 06:44:45 PM:DEBUG:Answer received: !ysspark.master
09/04/2023 06:44:45 PM:DEBUG:Command to send: c
o6
_2
e

09/04/2023 06:44:45 PM:DEBUG:Answer received: !yslocal
09/04/2023 06:44:45 PM:DEBUG:Command to send: a
e
o5
e

09/04/2023 06:44:45 PM:DEBUG:Answer received: !yi5
09/04/2023 06:44:45 PM:DEBUG:Command to send: a
g
o5
i1
e

09/04/2023 06:44:45 PM:DEBUG:Answer received: !yro7
09/04/2023 06:44:45 PM:DEBUG:Command to send: c
o7
_1
e

09/04/2023 06:44:45 PM:DEBUG:Answer received: !ysspark.rdd.compress
09/04/2023 06:44:45 PM:DEBUG:Command to send: c
o7
_2
e

09/04/2023 06:44:45 PM:DEBUG:Answer received: !ysTrue
09/04/2023 06:44:45 PM:DEBUG:Command to send: a
e
o5
e

09/04/2023 06:44:45 PM:DEBUG:Answer received: !yi5
09/04/2023 06:44:45 PM:DEBUG:Command to send: a
g
o5
i2
e

09/04/2023 06:44:45 PM:DEBUG:Answer received: !yro8
09/04/2023 06:44:45 PM:DEBUG:Command to send: c
o8
_1
e

09/04/2023 06:44:45 PM:DEBUG:Answer received: !ysspark.serializer.objectStreamReset
09/04/2023 06:44:45 PM:DEBUG:Command to send: c
o8
_2
e

09/04/2023 06:44:45 PM:DEBUG:Answer received: !ys100
09/04/2023 06:44:45 PM:DEBUG:Command to send: a
e
o5
e

09/04/2023 06:44:45 PM:DEBUG:Answer received: !yi5
09/04/2023 06:44:45 PM:DEBUG:Command to send: a
g
o5
i3
e

09/04/2023 06:44:45 PM:DEBUG:Answer received: !yro9
09/04/2023 06:44:45 PM:DEBUG:Command to send: c
o9
_1
e

09/04/2023 06:44:45 PM:DEBUG:Answer received: !ysspark.app.name
09/04/2023 06:44:45 PM:DEBUG:Command to send: c
o9
_2
e

09/04/2023 06:44:45 PM:DEBUG:Answer received: !ysLoad Tables In SQL
09/04/2023 06:44:45 PM:DEBUG:Command to send: a
e
o5
e

09/04/2023 06:44:45 PM:DEBUG:Answer received: !yi5
09/04/2023 06:44:45 PM:DEBUG:Command to send: a
g
o5
i4
e

09/04/2023 06:44:45 PM:DEBUG:Answer received: !yro10
09/04/2023 06:44:45 PM:DEBUG:Command to send: c
o10
_1
e

09/04/2023 06:44:45 PM:DEBUG:Answer received: !ysspark.submit.deployMode
09/04/2023 06:44:45 PM:DEBUG:Command to send: c
o10
_2
e

09/04/2023 06:44:45 PM:DEBUG:Answer received: !ysclient
09/04/2023 06:44:45 PM:DEBUG:Command to send: a
e
o5
e

09/04/2023 06:44:45 PM:DEBUG:Answer received: !yi5
09/04/2023 06:44:45 PM:DEBUG:Command to send: m
d
o5
e

09/04/2023 06:44:45 PM:DEBUG:Answer received: !yv
09/04/2023 06:44:45 PM:DEBUG:Command to send: r
u
JavaSparkContext
rj
e

09/04/2023 06:44:45 PM:DEBUG:Answer received: !ycorg.apache.spark.api.java.JavaSparkContext
09/04/2023 06:44:45 PM:DEBUG:Command to send: i
org.apache.spark.api.java.JavaSparkContext
ro0
e

09/04/2023 06:44:47 PM:DEBUG:Answer received: !yro11
09/04/2023 06:44:47 PM:DEBUG:Command to send: c
o11
sc
e

09/04/2023 06:44:47 PM:DEBUG:Answer received: !yro12
09/04/2023 06:44:47 PM:DEBUG:Command to send: c
o12
conf
e

09/04/2023 06:44:47 PM:DEBUG:Answer received: !yro13
09/04/2023 06:44:47 PM:DEBUG:Command to send: r
u
PythonAccumulatorV2
rj
e

09/04/2023 06:44:47 PM:DEBUG:Answer received: !ycorg.apache.spark.api.python.PythonAccumulatorV2
09/04/2023 06:44:47 PM:DEBUG:Command to send: i
org.apache.spark.api.python.PythonAccumulatorV2
s127.0.0.1
i7665
sc1385135ad6c4d8eb142e2719f8c40a2e46f2ccdcde1e2e73a9581237883120a
e

09/04/2023 06:44:47 PM:DEBUG:Answer received: !yro14
09/04/2023 06:44:47 PM:DEBUG:Command to send: c
o11
sc
e

09/04/2023 06:44:47 PM:DEBUG:Answer received: !yro15
09/04/2023 06:44:47 PM:DEBUG:Command to send: c
o15
register
ro14
e

09/04/2023 06:44:47 PM:DEBUG:Answer received: !yv
09/04/2023 06:44:47 PM:DEBUG:Command to send: r
u
PythonUtils
rj
e

09/04/2023 06:44:47 PM:DEBUG:Answer received: !ycorg.apache.spark.api.python.PythonUtils
09/04/2023 06:44:47 PM:DEBUG:Command to send: r
m
org.apache.spark.api.python.PythonUtils
getEncryptionEnabled
e

09/04/2023 06:44:47 PM:DEBUG:Answer received: !ym
09/04/2023 06:44:47 PM:DEBUG:Command to send: c
z:org.apache.spark.api.python.PythonUtils
getEncryptionEnabled
ro11
e

09/04/2023 06:44:47 PM:DEBUG:Answer received: !ybfalse
09/04/2023 06:44:47 PM:DEBUG:Command to send: r
u
org
rj
e

09/04/2023 06:44:47 PM:DEBUG:Answer received: !yp
09/04/2023 06:44:47 PM:DEBUG:Command to send: r
u
org.apache
rj
e

09/04/2023 06:44:47 PM:DEBUG:Answer received: !yp
09/04/2023 06:44:47 PM:DEBUG:Command to send: r
u
org.apache.spark
rj
e

09/04/2023 06:44:47 PM:DEBUG:Answer received: !yp
09/04/2023 06:44:47 PM:DEBUG:Command to send: r
u
org.apache.spark.SparkFiles
rj
e

09/04/2023 06:44:47 PM:DEBUG:Answer received: !ycorg.apache.spark.SparkFiles
09/04/2023 06:44:47 PM:DEBUG:Command to send: r
m
org.apache.spark.SparkFiles
getRootDirectory
e

09/04/2023 06:44:47 PM:DEBUG:Answer received: !ym
09/04/2023 06:44:47 PM:DEBUG:Command to send: c
z:org.apache.spark.SparkFiles
getRootDirectory
e

09/04/2023 06:44:47 PM:DEBUG:Answer received: !ysC:\\Users\\armando\\AppData\\Local\\Temp\\spark-7823bace-99ec-41bf-9ce5-b93976d792de\\userFiles-6f872bc2-8c5f-4e04-af5b-e4e7f68c7853
09/04/2023 06:44:47 PM:DEBUG:Command to send: c
o13
get
sspark.submit.pyFiles
s
e

09/04/2023 06:44:47 PM:DEBUG:Answer received: !ys
09/04/2023 06:44:47 PM:DEBUG:Command to send: r
u
org
rj
e

09/04/2023 06:44:47 PM:DEBUG:Answer received: !yp
09/04/2023 06:44:47 PM:DEBUG:Command to send: r
u
org.apache
rj
e

09/04/2023 06:44:47 PM:DEBUG:Answer received: !yp
09/04/2023 06:44:47 PM:DEBUG:Command to send: r
u
org.apache.spark
rj
e

09/04/2023 06:44:47 PM:DEBUG:Answer received: !yp
09/04/2023 06:44:47 PM:DEBUG:Command to send: r
u
org.apache.spark.util
rj
e

09/04/2023 06:44:47 PM:DEBUG:Answer received: !yp
09/04/2023 06:44:47 PM:DEBUG:Command to send: r
u
org.apache.spark.util.Utils
rj
e

09/04/2023 06:44:47 PM:DEBUG:Answer received: !ycorg.apache.spark.util.Utils
09/04/2023 06:44:47 PM:DEBUG:Command to send: r
m
org.apache.spark.util.Utils
getLocalDir
e

09/04/2023 06:44:47 PM:DEBUG:Answer received: !ym
09/04/2023 06:44:47 PM:DEBUG:Command to send: c
o11
sc
e

09/04/2023 06:44:47 PM:DEBUG:Answer received: !yro16
09/04/2023 06:44:47 PM:DEBUG:Command to send: c
o16
conf
e

09/04/2023 06:44:47 PM:DEBUG:Answer received: !yro17
09/04/2023 06:44:47 PM:DEBUG:Command to send: c
z:org.apache.spark.util.Utils
getLocalDir
ro17
e

09/04/2023 06:44:47 PM:DEBUG:Answer received: !ysC:\\Users\\armando\\AppData\\Local\\Temp\\spark-7823bace-99ec-41bf-9ce5-b93976d792de
09/04/2023 06:44:47 PM:DEBUG:Command to send: r
u
org
rj
e

09/04/2023 06:44:47 PM:DEBUG:Answer received: !yp
09/04/2023 06:44:47 PM:DEBUG:Command to send: r
u
org.apache
rj
e

09/04/2023 06:44:47 PM:DEBUG:Answer received: !yp
09/04/2023 06:44:47 PM:DEBUG:Command to send: r
u
org.apache.spark
rj
e

09/04/2023 06:44:47 PM:DEBUG:Answer received: !yp
09/04/2023 06:44:47 PM:DEBUG:Command to send: r
u
org.apache.spark.util
rj
e

09/04/2023 06:44:47 PM:DEBUG:Answer received: !yp
09/04/2023 06:44:47 PM:DEBUG:Command to send: r
u
org.apache.spark.util.Utils
rj
e

09/04/2023 06:44:47 PM:DEBUG:Answer received: !ycorg.apache.spark.util.Utils
09/04/2023 06:44:47 PM:DEBUG:Command to send: r
m
org.apache.spark.util.Utils
createTempDir
e

09/04/2023 06:44:47 PM:DEBUG:Answer received: !ym
09/04/2023 06:44:47 PM:DEBUG:Command to send: c
z:org.apache.spark.util.Utils
createTempDir
sC:\\Users\\armando\\AppData\\Local\\Temp\\spark-7823bace-99ec-41bf-9ce5-b93976d792de
spyspark
e

09/04/2023 06:44:47 PM:DEBUG:Answer received: !yro18
09/04/2023 06:44:47 PM:DEBUG:Command to send: c
o18
getAbsolutePath
e

09/04/2023 06:44:47 PM:DEBUG:Answer received: !ysC:\\Users\\armando\\AppData\\Local\\Temp\\spark-7823bace-99ec-41bf-9ce5-b93976d792de\\pyspark-d9db3481-2afe-462f-ae0b-579a2aa0e3f7
09/04/2023 06:44:47 PM:DEBUG:Command to send: c
o13
get
sspark.python.profile
sfalse
e

09/04/2023 06:44:47 PM:DEBUG:Answer received: !ysfalse
09/04/2023 06:44:47 PM:DEBUG:Command to send: c
o13
set
sspark.master
slocal
e

09/04/2023 06:44:47 PM:DEBUG:Answer received: !yro19
09/04/2023 06:44:47 PM:DEBUG:Command to send: m
d
o19
e

09/04/2023 06:44:47 PM:DEBUG:Answer received: !yv
09/04/2023 06:44:47 PM:DEBUG:Command to send: c
o13
set
sspark.app.name
sLoad Tables In SQL
e

09/04/2023 06:44:47 PM:DEBUG:Answer received: !yro20
09/04/2023 06:44:47 PM:DEBUG:Command to send: m
d
o20
e

09/04/2023 06:44:47 PM:DEBUG:Answer received: !yv
09/04/2023 06:44:47 PM:DEBUG:Command to send: r
u
SparkSession
rj
e

09/04/2023 06:44:47 PM:DEBUG:Answer received: !ycorg.apache.spark.sql.SparkSession
09/04/2023 06:44:47 PM:DEBUG:Command to send: r
m
org.apache.spark.sql.SparkSession
getDefaultSession
e

09/04/2023 06:44:47 PM:DEBUG:Answer received: !ym
09/04/2023 06:44:47 PM:DEBUG:Command to send: c
z:org.apache.spark.sql.SparkSession
getDefaultSession
e

09/04/2023 06:44:47 PM:DEBUG:Answer received: !yro21
09/04/2023 06:44:47 PM:DEBUG:Command to send: c
o21
isDefined
e

09/04/2023 06:44:47 PM:DEBUG:Answer received: !ybfalse
09/04/2023 06:44:47 PM:DEBUG:Command to send: r
u
SparkSession
rj
e

09/04/2023 06:44:47 PM:DEBUG:Answer received: !ycorg.apache.spark.sql.SparkSession
09/04/2023 06:44:47 PM:DEBUG:Command to send: c
o11
sc
e

09/04/2023 06:44:47 PM:DEBUG:Answer received: !yro22
09/04/2023 06:44:47 PM:DEBUG:Command to send: i
org.apache.spark.sql.SparkSession
ro22
e

09/04/2023 06:44:47 PM:DEBUG:Answer received: !yro23
09/04/2023 06:44:47 PM:DEBUG:Command to send: c
o23
sqlContext
e

09/04/2023 06:44:47 PM:DEBUG:Answer received: !yro24
09/04/2023 06:44:47 PM:DEBUG:Command to send: r
u
SparkSession
rj
e

09/04/2023 06:44:47 PM:DEBUG:Answer received: !ycorg.apache.spark.sql.SparkSession
09/04/2023 06:44:47 PM:DEBUG:Command to send: r
m
org.apache.spark.sql.SparkSession
setDefaultSession
e

09/04/2023 06:44:47 PM:DEBUG:Answer received: !ym
09/04/2023 06:44:47 PM:DEBUG:Command to send: c
z:org.apache.spark.sql.SparkSession
setDefaultSession
ro23
e

09/04/2023 06:44:47 PM:DEBUG:Answer received: !yv
09/04/2023 06:44:47 PM:DEBUG:Command to send: c
o23
sessionState
e

09/04/2023 06:44:48 PM:DEBUG:Answer received: !yro25
09/04/2023 06:44:48 PM:DEBUG:Command to send: c
o25
conf
e

09/04/2023 06:44:48 PM:DEBUG:Answer received: !yro26
09/04/2023 06:44:48 PM:DEBUG:Command to send: c
o26
setConfString
sspark.master
slocal
e

09/04/2023 06:44:48 PM:DEBUG:Answer received: !yv
09/04/2023 06:44:48 PM:DEBUG:Command to send: c
o23
sessionState
e

09/04/2023 06:44:48 PM:DEBUG:Answer received: !yro27
09/04/2023 06:44:48 PM:DEBUG:Command to send: c
o27
conf
e

09/04/2023 06:44:48 PM:DEBUG:Answer received: !yro28
09/04/2023 06:44:48 PM:DEBUG:Command to send: c
o28
setConfString
sspark.app.name
sLoad Tables In SQL
e

09/04/2023 06:44:48 PM:DEBUG:Answer received: !yv
09/04/2023 06:44:48 PM:DEBUG:Command to send: c
o13
set
sspark.master
slocal
e

09/04/2023 06:44:48 PM:DEBUG:Answer received: !yro29
09/04/2023 06:44:48 PM:DEBUG:Command to send: m
d
o29
e

09/04/2023 06:44:48 PM:DEBUG:Answer received: !yv
09/04/2023 06:44:48 PM:DEBUG:Command to send: c
o13
set
sspark.app.name
sLoad Tables In SQL
e

09/04/2023 06:44:48 PM:DEBUG:Answer received: !yro30
09/04/2023 06:44:48 PM:DEBUG:Command to send: m
d
o30
e

09/04/2023 06:44:48 PM:DEBUG:Answer received: !yv
09/04/2023 06:44:48 PM:DEBUG:Command to send: c
o23
sessionState
e

09/04/2023 06:44:48 PM:DEBUG:Answer received: !yro31
09/04/2023 06:44:48 PM:DEBUG:Command to send: c
o31
conf
e

09/04/2023 06:44:48 PM:DEBUG:Answer received: !yro32
09/04/2023 06:44:48 PM:DEBUG:Command to send: c
o32
setConfString
sspark.master
slocal
e

09/04/2023 06:44:48 PM:DEBUG:Answer received: !yv
09/04/2023 06:44:48 PM:DEBUG:Command to send: c
o23
sessionState
e

09/04/2023 06:44:48 PM:DEBUG:Answer received: !yro33
09/04/2023 06:44:48 PM:DEBUG:Command to send: c
o33
conf
e

09/04/2023 06:44:48 PM:DEBUG:Answer received: !yro34
09/04/2023 06:44:48 PM:DEBUG:Command to send: c
o34
setConfString
sspark.app.name
sLoad Table
e

09/04/2023 06:44:48 PM:DEBUG:Answer received: !yv
09/04/2023 06:44:48 PM:DEBUG:Command to send: c
o13
set
sspark.master
slocal
e

09/04/2023 06:44:48 PM:DEBUG:Answer received: !yro35
09/04/2023 06:44:48 PM:DEBUG:Command to send: m
d
o35
e

09/04/2023 06:44:48 PM:DEBUG:Answer received: !yv
09/04/2023 06:44:48 PM:DEBUG:Command to send: c
o13
set
sspark.app.name
sLoad Table
e

09/04/2023 06:44:48 PM:DEBUG:Answer received: !yro36
09/04/2023 06:44:48 PM:DEBUG:Command to send: m
d
o36
e

09/04/2023 06:44:48 PM:DEBUG:Answer received: !yv
09/04/2023 06:44:48 PM:DEBUG:Command to send: c
o24
read
e

09/04/2023 06:44:48 PM:DEBUG:Answer received: !yro37
09/04/2023 06:44:48 PM:DEBUG:Command to send: c
o37
format
scsv
e

09/04/2023 06:44:48 PM:DEBUG:Answer received: !yro38
09/04/2023 06:44:48 PM:DEBUG:Command to send: c
o23
sessionState
e

09/04/2023 06:44:48 PM:DEBUG:Answer received: !yro39
09/04/2023 06:44:48 PM:DEBUG:Command to send: c
o39
conf
e

09/04/2023 06:44:48 PM:DEBUG:Answer received: !yro40
09/04/2023 06:44:48 PM:DEBUG:Command to send: c
o40
setConfString
sspark.master
slocal
e

09/04/2023 06:44:48 PM:DEBUG:Answer received: !yv
09/04/2023 06:44:48 PM:DEBUG:Command to send: c
o23
sessionState
e

09/04/2023 06:44:48 PM:DEBUG:Answer received: !yro41
09/04/2023 06:44:48 PM:DEBUG:Command to send: c
o41
conf
e

09/04/2023 06:44:48 PM:DEBUG:Answer received: !yro42
09/04/2023 06:44:48 PM:DEBUG:Command to send: c
o42
setConfString
sspark.app.name
sLoad Table
e

09/04/2023 06:44:48 PM:DEBUG:Answer received: !yv
09/04/2023 06:44:48 PM:DEBUG:Command to send: c
o13
set
sspark.master
slocal
e

09/04/2023 06:44:48 PM:DEBUG:Answer received: !yro43
09/04/2023 06:44:48 PM:DEBUG:Command to send: m
d
o43
e

09/04/2023 06:44:48 PM:DEBUG:Answer received: !yv
09/04/2023 06:44:48 PM:DEBUG:Command to send: c
o13
set
sspark.app.name
sLoad Table
e

09/04/2023 06:44:48 PM:DEBUG:Answer received: !yro44
09/04/2023 06:44:48 PM:DEBUG:Command to send: m
d
o44
e

09/04/2023 06:44:48 PM:DEBUG:Answer received: !yv
09/04/2023 06:44:48 PM:DEBUG:Command to send: c
o23
parseDataType
s{"fields":[{"metadata":{},"name":"ID_TARIFA","nullable":false,"type":"integer"},{"metadata":{},"name":"TARIFA","nullable":true,"type":"string"}],"type":"struct"}
e

09/04/2023 06:44:48 PM:DEBUG:Answer received: !yro45
09/04/2023 06:44:48 PM:DEBUG:Command to send: c
o38
schema
ro45
e

09/04/2023 06:44:48 PM:DEBUG:Answer received: !yro46
09/04/2023 06:44:48 PM:DEBUG:Command to send: c
o46
load
s../output/cat_tarifa_20230904.csv
e

09/04/2023 06:44:48 PM:DEBUG:Answer received: !xro47
09/04/2023 06:44:48 PM:DEBUG:Command to send: c
o47
toString
e

09/04/2023 06:44:48 PM:DEBUG:Answer received: !ysorg.apache.spark.sql.AnalysisException: Path does not exist: file:/C:/Users/armando/Desktop/Git/etl_pyspark/output/cat_tarifa_20230904.csv;
09/04/2023 06:44:48 PM:DEBUG:Command to send: c
o47
getStackTrace
e

09/04/2023 06:44:48 PM:DEBUG:Answer received: !yto48
09/04/2023 06:44:48 PM:DEBUG:Command to send: a
e
o48
e

09/04/2023 06:44:48 PM:DEBUG:Answer received: !yi23
09/04/2023 06:44:48 PM:DEBUG:Command to send: a
g
o48
i0
e

09/04/2023 06:44:48 PM:DEBUG:Answer received: !yro49
09/04/2023 06:44:48 PM:DEBUG:Command to send: c
o49
toString
e

09/04/2023 06:44:48 PM:DEBUG:Answer received: !ysorg.apache.spark.sql.execution.datasources.DataSource$$anonfun$org$apache$spark$sql$execution$datasources$DataSource$$checkAndGlobPathIfNecessary$1.apply(DataSource.scala:558)
09/04/2023 06:44:48 PM:DEBUG:Command to send: a
e
o48
e

09/04/2023 06:44:48 PM:DEBUG:Answer received: !yi23
09/04/2023 06:44:48 PM:DEBUG:Command to send: a
g
o48
i1
e

09/04/2023 06:44:48 PM:DEBUG:Answer received: !yro50
09/04/2023 06:44:48 PM:DEBUG:Command to send: c
o50
toString
e

09/04/2023 06:44:48 PM:DEBUG:Answer received: !ysorg.apache.spark.sql.execution.datasources.DataSource$$anonfun$org$apache$spark$sql$execution$datasources$DataSource$$checkAndGlobPathIfNecessary$1.apply(DataSource.scala:545)
09/04/2023 06:44:48 PM:DEBUG:Command to send: a
e
o48
e

09/04/2023 06:44:48 PM:DEBUG:Answer received: !yi23
09/04/2023 06:44:48 PM:DEBUG:Command to send: a
g
o48
i2
e

09/04/2023 06:44:48 PM:DEBUG:Answer received: !yro51
09/04/2023 06:44:48 PM:DEBUG:Command to send: c
o51
toString
e

09/04/2023 06:44:48 PM:DEBUG:Answer received: !ysscala.collection.TraversableLike$$anonfun$flatMap$1.apply(TraversableLike.scala:241)
09/04/2023 06:44:48 PM:DEBUG:Command to send: a
e
o48
e

09/04/2023 06:44:48 PM:DEBUG:Answer received: !yi23
09/04/2023 06:44:48 PM:DEBUG:Command to send: a
g
o48
i3
e

09/04/2023 06:44:48 PM:DEBUG:Answer received: !yro52
09/04/2023 06:44:48 PM:DEBUG:Command to send: c
o52
toString
e

09/04/2023 06:44:48 PM:DEBUG:Answer received: !ysscala.collection.TraversableLike$$anonfun$flatMap$1.apply(TraversableLike.scala:241)
09/04/2023 06:44:48 PM:DEBUG:Command to send: a
e
o48
e

09/04/2023 06:44:48 PM:DEBUG:Answer received: !yi23
09/04/2023 06:44:48 PM:DEBUG:Command to send: a
g
o48
i4
e

09/04/2023 06:44:48 PM:DEBUG:Answer received: !yro53
09/04/2023 06:44:48 PM:DEBUG:Command to send: c
o53
toString
e

09/04/2023 06:44:48 PM:DEBUG:Answer received: !ysscala.collection.immutable.List.foreach(List.scala:392)
09/04/2023 06:44:48 PM:DEBUG:Command to send: a
e
o48
e

09/04/2023 06:44:48 PM:DEBUG:Answer received: !yi23
09/04/2023 06:44:48 PM:DEBUG:Command to send: a
g
o48
i5
e

09/04/2023 06:44:48 PM:DEBUG:Answer received: !yro54
09/04/2023 06:44:48 PM:DEBUG:Command to send: c
o54
toString
e

09/04/2023 06:44:48 PM:DEBUG:Answer received: !ysscala.collection.TraversableLike$class.flatMap(TraversableLike.scala:241)
09/04/2023 06:44:48 PM:DEBUG:Command to send: a
e
o48
e

09/04/2023 06:44:48 PM:DEBUG:Answer received: !yi23
09/04/2023 06:44:48 PM:DEBUG:Command to send: a
g
o48
i6
e

09/04/2023 06:44:48 PM:DEBUG:Answer received: !yro55
09/04/2023 06:44:48 PM:DEBUG:Command to send: c
o55
toString
e

09/04/2023 06:44:48 PM:DEBUG:Answer received: !ysscala.collection.immutable.List.flatMap(List.scala:355)
09/04/2023 06:44:48 PM:DEBUG:Command to send: a
e
o48
e

09/04/2023 06:44:48 PM:DEBUG:Answer received: !yi23
09/04/2023 06:44:48 PM:DEBUG:Command to send: a
g
o48
i7
e

09/04/2023 06:44:48 PM:DEBUG:Answer received: !yro56
09/04/2023 06:44:48 PM:DEBUG:Command to send: c
o56
toString
e

09/04/2023 06:44:48 PM:DEBUG:Answer received: !ysorg.apache.spark.sql.execution.datasources.DataSource.org$apache$spark$sql$execution$datasources$DataSource$$checkAndGlobPathIfNecessary(DataSource.scala:545)
09/04/2023 06:44:48 PM:DEBUG:Command to send: a
e
o48
e

09/04/2023 06:44:48 PM:DEBUG:Answer received: !yi23
09/04/2023 06:44:48 PM:DEBUG:Command to send: a
g
o48
i8
e

09/04/2023 06:44:48 PM:DEBUG:Answer received: !yro57
09/04/2023 06:44:48 PM:DEBUG:Command to send: c
o57
toString
e

09/04/2023 06:44:48 PM:DEBUG:Answer received: !ysorg.apache.spark.sql.execution.datasources.DataSource.resolveRelation(DataSource.scala:359)
09/04/2023 06:44:48 PM:DEBUG:Command to send: a
e
o48
e

09/04/2023 06:44:48 PM:DEBUG:Answer received: !yi23
09/04/2023 06:44:48 PM:DEBUG:Command to send: a
g
o48
i9
e

09/04/2023 06:44:48 PM:DEBUG:Answer received: !yro58
09/04/2023 06:44:48 PM:DEBUG:Command to send: c
o58
toString
e

09/04/2023 06:44:48 PM:DEBUG:Answer received: !ysorg.apache.spark.sql.DataFrameReader.loadV1Source(DataFrameReader.scala:223)
09/04/2023 06:44:48 PM:DEBUG:Command to send: a
e
o48
e

09/04/2023 06:44:48 PM:DEBUG:Answer received: !yi23
09/04/2023 06:44:48 PM:DEBUG:Command to send: a
g
o48
i10
e

09/04/2023 06:44:48 PM:DEBUG:Answer received: !yro59
09/04/2023 06:44:48 PM:DEBUG:Command to send: A
c1385135ad6c4d8eb142e2719f8c40a2e46f2ccdcde1e2e73a9581237883120a

09/04/2023 06:44:48 PM:DEBUG:Answer received: !yv
09/04/2023 06:44:48 PM:DEBUG:Command to send: m
d
o0
e

09/04/2023 06:44:49 PM:DEBUG:Answer received: !yv
09/04/2023 06:44:49 PM:DEBUG:Command to send: m
d
o6
e

09/04/2023 06:44:49 PM:DEBUG:Answer received: !yv
09/04/2023 06:44:49 PM:DEBUG:Command to send: m
d
o7
e

09/04/2023 06:44:49 PM:DEBUG:Answer received: !yv
09/04/2023 06:44:49 PM:DEBUG:Command to send: m
d
o8
e

09/04/2023 06:44:49 PM:DEBUG:Answer received: !yv
09/04/2023 06:44:49 PM:DEBUG:Command to send: m
d
o9
e

09/04/2023 06:44:49 PM:DEBUG:Answer received: !yv
09/04/2023 06:44:49 PM:DEBUG:Command to send: m
d
o10
e

09/04/2023 06:44:49 PM:DEBUG:Answer received: !yv
09/04/2023 06:44:49 PM:DEBUG:Command to send: m
d
o12
e

09/04/2023 06:44:49 PM:DEBUG:Answer received: !yv
09/04/2023 06:44:49 PM:DEBUG:Command to send: m
d
o15
e

09/04/2023 06:44:49 PM:DEBUG:Answer received: !yv
09/04/2023 06:44:49 PM:DEBUG:Command to send: m
d
o16
e

09/04/2023 06:44:49 PM:DEBUG:Answer received: !yv
09/04/2023 06:44:49 PM:DEBUG:Command to send: m
d
o17
e

09/04/2023 06:44:49 PM:DEBUG:Answer received: !yv
09/04/2023 06:44:49 PM:DEBUG:Command to send: m
d
o18
e

09/04/2023 06:44:49 PM:DEBUG:Answer received: !yv
09/04/2023 06:44:49 PM:DEBUG:Command to send: m
d
o21
e

09/04/2023 06:44:49 PM:DEBUG:Answer received: !yv
09/04/2023 06:44:49 PM:DEBUG:Command to send: m
d
o22
e

09/04/2023 06:44:49 PM:DEBUG:Answer received: !yv
09/04/2023 06:44:49 PM:DEBUG:Command to send: m
d
o25
e

09/04/2023 06:44:49 PM:DEBUG:Answer received: !yv
09/04/2023 06:44:49 PM:DEBUG:Command to send: m
d
o26
e

09/04/2023 06:44:49 PM:DEBUG:Answer received: !yv
09/04/2023 06:44:49 PM:DEBUG:Command to send: m
d
o27
e

09/04/2023 06:44:49 PM:DEBUG:Answer received: !yv
09/04/2023 06:44:49 PM:DEBUG:Command to send: m
d
o28
e

09/04/2023 06:44:49 PM:DEBUG:Answer received: !yv
09/04/2023 06:44:49 PM:DEBUG:Command to send: m
d
o31
e

09/04/2023 06:44:49 PM:DEBUG:Answer received: !yv
09/04/2023 06:44:49 PM:DEBUG:Command to send: m
d
o32
e

09/04/2023 06:44:49 PM:DEBUG:Answer received: !yv
09/04/2023 06:44:49 PM:DEBUG:Command to send: m
d
o33
e

09/04/2023 06:44:49 PM:DEBUG:Answer received: !yv
09/04/2023 06:44:49 PM:DEBUG:Command to send: m
d
o34
e

09/04/2023 06:44:49 PM:DEBUG:Answer received: !yv
09/04/2023 06:44:49 PM:DEBUG:Command to send: m
d
o37
e

09/04/2023 06:44:49 PM:DEBUG:Answer received: !yv
09/04/2023 06:44:49 PM:DEBUG:Command to send: m
d
o38
e

09/04/2023 06:44:49 PM:DEBUG:Answer received: !yv
09/04/2023 06:44:49 PM:DEBUG:Command to send: m
d
o39
e

09/04/2023 06:44:49 PM:DEBUG:Answer received: !yv
09/04/2023 06:44:49 PM:DEBUG:Command to send: m
d
o40
e

09/04/2023 06:44:49 PM:DEBUG:Answer received: !yv
09/04/2023 06:44:49 PM:DEBUG:Command to send: m
d
o41
e

09/04/2023 06:44:49 PM:DEBUG:Answer received: !yv
09/04/2023 06:44:49 PM:DEBUG:Command to send: m
d
o42
e

09/04/2023 06:44:49 PM:DEBUG:Answer received: !yv
09/04/2023 06:44:49 PM:DEBUG:Command to send: m
d
o45
e

09/04/2023 06:44:49 PM:DEBUG:Answer received: !yv
09/04/2023 06:44:49 PM:DEBUG:Command to send: m
d
o49
e

09/04/2023 06:44:49 PM:DEBUG:Answer received: !yv
09/04/2023 06:44:49 PM:DEBUG:Command to send: m
d
o50
e

09/04/2023 06:44:49 PM:DEBUG:Answer received: !yv
09/04/2023 06:44:49 PM:DEBUG:Command to send: m
d
o51
e

09/04/2023 06:44:49 PM:DEBUG:Answer received: !yv
09/04/2023 06:44:49 PM:DEBUG:Command to send: m
d
o52
e

09/04/2023 06:44:49 PM:DEBUG:Answer received: !yv
09/04/2023 06:44:49 PM:DEBUG:Command to send: m
d
o53
e

09/04/2023 06:44:49 PM:DEBUG:Answer received: !yv
09/04/2023 06:44:49 PM:DEBUG:Command to send: m
d
o54
e

09/04/2023 06:44:49 PM:DEBUG:Answer received: !yv
09/04/2023 06:44:49 PM:DEBUG:Command to send: m
d
o55
e

09/04/2023 06:44:49 PM:DEBUG:Answer received: !yv
09/04/2023 06:44:49 PM:DEBUG:Command to send: m
d
o56
e

09/04/2023 06:44:49 PM:DEBUG:Answer received: !yv
09/04/2023 06:44:49 PM:DEBUG:Command to send: m
d
o57
e

09/04/2023 06:44:49 PM:DEBUG:Answer received: !yv
09/04/2023 06:44:49 PM:DEBUG:Command to send: m
d
o58
e

09/04/2023 06:44:49 PM:DEBUG:Answer received: !yv
09/04/2023 06:44:48 PM:DEBUG:Command to send: c
o59
toString
e

09/04/2023 06:44:49 PM:DEBUG:Answer received: !ysorg.apache.spark.sql.DataFrameReader.load(DataFrameReader.scala:211)
09/04/2023 06:44:49 PM:DEBUG:Command to send: a
e
o48
e

09/04/2023 06:44:49 PM:DEBUG:Answer received: !yi23
09/04/2023 06:44:49 PM:DEBUG:Command to send: a
g
o48
i11
e

09/04/2023 06:44:49 PM:DEBUG:Answer received: !yro60
09/04/2023 06:44:49 PM:DEBUG:Command to send: c
o60
toString
e

09/04/2023 06:44:49 PM:DEBUG:Answer received: !ysorg.apache.spark.sql.DataFrameReader.load(DataFrameReader.scala:178)
09/04/2023 06:44:49 PM:DEBUG:Command to send: a
e
o48
e

09/04/2023 06:44:49 PM:DEBUG:Answer received: !yi23
09/04/2023 06:44:49 PM:DEBUG:Command to send: a
g
o48
i12
e

09/04/2023 06:44:49 PM:DEBUG:Answer received: !yro61
09/04/2023 06:44:49 PM:DEBUG:Command to send: c
o61
toString
e

09/04/2023 06:44:49 PM:DEBUG:Answer received: !yssun.reflect.NativeMethodAccessorImpl.invoke0(Native Method)
09/04/2023 06:44:49 PM:DEBUG:Command to send: a
e
o48
e

09/04/2023 06:44:49 PM:DEBUG:Answer received: !yi23
09/04/2023 06:44:49 PM:DEBUG:Command to send: a
g
o48
i13
e

09/04/2023 06:44:49 PM:DEBUG:Answer received: !yro62
09/04/2023 06:44:49 PM:DEBUG:Command to send: c
o62
toString
e

09/04/2023 06:44:49 PM:DEBUG:Answer received: !yssun.reflect.NativeMethodAccessorImpl.invoke(NativeMethodAccessorImpl.java:62)
09/04/2023 06:44:49 PM:DEBUG:Command to send: a
e
o48
e

09/04/2023 06:44:49 PM:DEBUG:Answer received: !yi23
09/04/2023 06:44:49 PM:DEBUG:Command to send: a
g
o48
i14
e

09/04/2023 06:44:49 PM:DEBUG:Answer received: !yro63
09/04/2023 06:44:49 PM:DEBUG:Command to send: c
o63
toString
e

09/04/2023 06:44:49 PM:DEBUG:Answer received: !yssun.reflect.DelegatingMethodAccessorImpl.invoke(DelegatingMethodAccessorImpl.java:43)
09/04/2023 06:44:49 PM:DEBUG:Command to send: a
e
o48
e

09/04/2023 06:44:49 PM:DEBUG:Answer received: !yi23
09/04/2023 06:44:49 PM:DEBUG:Command to send: a
g
o48
i15
e

09/04/2023 06:44:49 PM:DEBUG:Answer received: !yro64
09/04/2023 06:44:49 PM:DEBUG:Command to send: c
o64
toString
e

09/04/2023 06:44:49 PM:DEBUG:Answer received: !ysjava.lang.reflect.Method.invoke(Method.java:497)
09/04/2023 06:44:49 PM:DEBUG:Command to send: a
e
o48
e

09/04/2023 06:44:49 PM:DEBUG:Answer received: !yi23
09/04/2023 06:44:49 PM:DEBUG:Command to send: a
g
o48
i16
e

09/04/2023 06:44:49 PM:DEBUG:Answer received: !yro65
09/04/2023 06:44:49 PM:DEBUG:Command to send: c
o65
toString
e

09/04/2023 06:44:49 PM:DEBUG:Answer received: !yspy4j.reflection.MethodInvoker.invoke(MethodInvoker.java:244)
09/04/2023 06:44:49 PM:DEBUG:Command to send: a
e
o48
e

09/04/2023 06:44:49 PM:DEBUG:Answer received: !yi23
09/04/2023 06:44:49 PM:DEBUG:Command to send: a
g
o48
i17
e

09/04/2023 06:44:49 PM:DEBUG:Answer received: !yro66
09/04/2023 06:44:49 PM:DEBUG:Command to send: c
o66
toString
e

09/04/2023 06:44:49 PM:DEBUG:Answer received: !yspy4j.reflection.ReflectionEngine.invoke(ReflectionEngine.java:357)
09/04/2023 06:44:49 PM:DEBUG:Command to send: a
e
o48
e

09/04/2023 06:44:49 PM:DEBUG:Answer received: !yi23
09/04/2023 06:44:49 PM:DEBUG:Command to send: a
g
o48
i18
e

09/04/2023 06:44:49 PM:DEBUG:Answer received: !yro67
09/04/2023 06:44:49 PM:DEBUG:Command to send: c
o67
toString
e

09/04/2023 06:44:49 PM:DEBUG:Answer received: !yspy4j.Gateway.invoke(Gateway.java:282)
09/04/2023 06:44:49 PM:DEBUG:Command to send: a
e
o48
e

09/04/2023 06:44:49 PM:DEBUG:Answer received: !yi23
09/04/2023 06:44:49 PM:DEBUG:Command to send: a
g
o48
i19
e

09/04/2023 06:44:49 PM:DEBUG:Answer received: !yro68
09/04/2023 06:44:49 PM:DEBUG:Command to send: c
o68
toString
e

09/04/2023 06:44:49 PM:DEBUG:Answer received: !yspy4j.commands.AbstractCommand.invokeMethod(AbstractCommand.java:132)
09/04/2023 06:44:49 PM:DEBUG:Command to send: a
e
o48
e

09/04/2023 06:44:49 PM:DEBUG:Answer received: !yi23
09/04/2023 06:44:49 PM:DEBUG:Command to send: a
g
o48
i20
e

09/04/2023 06:44:49 PM:DEBUG:Answer received: !yro69
09/04/2023 06:44:49 PM:DEBUG:Command to send: c
o69
toString
e

09/04/2023 06:44:49 PM:DEBUG:Answer received: !yspy4j.commands.CallCommand.execute(CallCommand.java:79)
09/04/2023 06:44:49 PM:DEBUG:Command to send: a
e
o48
e

09/04/2023 06:44:49 PM:DEBUG:Answer received: !yi23
09/04/2023 06:44:49 PM:DEBUG:Command to send: a
g
o48
i21
e

09/04/2023 06:44:49 PM:DEBUG:Answer received: !yro70
09/04/2023 06:44:49 PM:DEBUG:Command to send: c
o70
toString
e

09/04/2023 06:44:49 PM:DEBUG:Answer received: !yspy4j.GatewayConnection.run(GatewayConnection.java:238)
09/04/2023 06:44:49 PM:DEBUG:Command to send: a
e
o48
e

09/04/2023 06:44:49 PM:DEBUG:Answer received: !yi23
09/04/2023 06:44:49 PM:DEBUG:Command to send: a
g
o48
i22
e

09/04/2023 06:44:49 PM:DEBUG:Answer received: !yro71
09/04/2023 06:44:49 PM:DEBUG:Command to send: c
o71
toString
e

09/04/2023 06:44:49 PM:DEBUG:Answer received: !ysjava.lang.Thread.run(Thread.java:745)
09/04/2023 06:44:49 PM:DEBUG:Command to send: a
e
o48
e

09/04/2023 06:44:49 PM:DEBUG:Answer received: !yi23
09/04/2023 06:44:49 PM:DEBUG:Command to send: m
d
o48
e

09/04/2023 06:44:49 PM:DEBUG:Answer received: !yv
09/04/2023 06:44:49 PM:DEBUG:Command to send: p
ro47
e

09/04/2023 06:44:49 PM:DEBUG:Answer received: !ysorg.apache.spark.sql.AnalysisException: Path does not exist: file:/C:/Users/armando/Desktop/Git/etl_pyspark/output/cat_tarifa_20230904.csv;\r\n	at org.apache.spark.sql.execution.datasources.DataSource$$anonfun$org$apache$spark$sql$execution$datasources$DataSource$$checkAndGlobPathIfNecessary$1.apply(DataSource.scala:558)\r\n	at org.apache.spark.sql.execution.datasources.DataSource$$anonfun$org$apache$spark$sql$execution$datasources$DataSource$$checkAndGlobPathIfNecessary$1.apply(DataSource.scala:545)\r\n	at scala.collection.TraversableLike$$anonfun$flatMap$1.apply(TraversableLike.scala:241)\r\n	at scala.collection.TraversableLike$$anonfun$flatMap$1.apply(TraversableLike.scala:241)\r\n	at scala.collection.immutable.List.foreach(List.scala:392)\r\n	at scala.collection.TraversableLike$class.flatMap(TraversableLike.scala:241)\r\n	at scala.collection.immutable.List.flatMap(List.scala:355)\r\n	at org.apache.spark.sql.execution.datasources.DataSource.org$apache$spark$sql$execution$datasources$DataSource$$checkAndGlobPathIfNecessary(DataSource.scala:545)\r\n	at org.apache.spark.sql.execution.datasources.DataSource.resolveRelation(DataSource.scala:359)\r\n	at org.apache.spark.sql.DataFrameReader.loadV1Source(DataFrameReader.scala:223)\r\n	at org.apache.spark.sql.DataFrameReader.load(DataFrameReader.scala:211)\r\n	at org.apache.spark.sql.DataFrameReader.load(DataFrameReader.scala:178)\r\n	at sun.reflect.NativeMethodAccessorImpl.invoke0(Native Method)\r\n	at sun.reflect.NativeMethodAccessorImpl.invoke(NativeMethodAccessorImpl.java:62)\r\n	at sun.reflect.DelegatingMethodAccessorImpl.invoke(DelegatingMethodAccessorImpl.java:43)\r\n	at java.lang.reflect.Method.invoke(Method.java:497)\r\n	at py4j.reflection.MethodInvoker.invoke(MethodInvoker.java:244)\r\n	at py4j.reflection.ReflectionEngine.invoke(ReflectionEngine.java:357)\r\n	at py4j.Gateway.invoke(Gateway.java:282)\r\n	at py4j.commands.AbstractCommand.invokeMethod(AbstractCommand.java:132)\r\n	at py4j.commands.CallCommand.execute(CallCommand.java:79)\r\n	at py4j.GatewayConnection.run(GatewayConnection.java:238)\r\n	at java.lang.Thread.run(Thread.java:745)\r\n
09/04/2023 06:44:49 PM:DEBUG:Command to send: m
d
o60
e

09/04/2023 06:44:49 PM:DEBUG:Answer received: !yv
09/04/2023 06:44:49 PM:DEBUG:Command to send: m
d
o61
e

09/04/2023 06:44:49 PM:DEBUG:Answer received: !yv
09/04/2023 06:44:49 PM:DEBUG:Command to send: m
d
o62
e

09/04/2023 06:44:49 PM:DEBUG:Answer received: !yv
09/04/2023 06:44:49 PM:DEBUG:Command to send: m
d
o63
e

09/04/2023 06:44:49 PM:DEBUG:Answer received: !yv
09/04/2023 06:44:49 PM:DEBUG:Command to send: m
d
o64
e

09/04/2023 06:44:49 PM:DEBUG:Answer received: !yv
09/04/2023 06:44:49 PM:DEBUG:Command to send: m
d
o65
e

09/04/2023 06:44:49 PM:DEBUG:Answer received: !yv
09/04/2023 06:44:49 PM:DEBUG:Command to send: m
d
o66
e

09/04/2023 06:44:49 PM:DEBUG:Answer received: !yv
09/04/2023 06:44:49 PM:DEBUG:Command to send: m
d
o67
e

09/04/2023 06:44:49 PM:DEBUG:Answer received: !yv
09/04/2023 06:44:49 PM:DEBUG:Command to send: m
d
o68
e

09/04/2023 06:44:49 PM:DEBUG:Answer received: !yv
09/04/2023 06:44:49 PM:DEBUG:Command to send: m
d
o69
e

09/04/2023 06:44:49 PM:DEBUG:Answer received: !yv
09/04/2023 06:44:49 PM:DEBUG:Command to send: m
d
o70
e

09/04/2023 06:44:49 PM:DEBUG:Answer received: !yv
09/04/2023 06:44:49 PM:DEBUG:Command to send: m
d
o71
e

09/04/2023 06:44:49 PM:DEBUG:Answer received: !yv
09/04/2023 06:44:49 PM:DEBUG:Command to send: m
d
o59
e

09/04/2023 06:44:49 PM:DEBUG:Answer received: !yv
09/04/2023 06:44:49 PM:DEBUG:Command to send: m
d
o47
e

09/04/2023 06:44:49 PM:DEBUG:Answer received: !yv
09/04/2023 06:44:49 PM:DEBUG:Command to send: m
d
o46
e

09/04/2023 06:44:49 PM:DEBUG:Answer received: !yv
